<?xml version="1.0" encoding="UTF-8"?>
<!-- Generated by org.testng.reporters.JUnitReportReporter -->
<testsuite hostname="Prashant" failures="0" tests="1" name="com.InetBanking.TestCases.LoginTestCase_001" time="1.239" errors="0" timestamp="2023-04-14T04:03:08 IST" skipped="0">
  <testcase classname="com.InetBanking.TestCases.LoginTestCase_001" name="loginTest" time="1.239"/>
  <system-out>
    <![CDATA[Entered UserName
Entered password
Login test passed]]>
  </system-out>
</testsuite> <!-- com.InetBanking.TestCases.LoginTestCase_001 -->
